<?xml version="1.0" encoding="UTF-8"?>
<!-- Generated by org.testng.reporters.JUnitReportReporter -->
<testsuite hostname="Mahi" failures="0" tests="3" name="sauit.basicanotation" time="31.568" errors="0" timestamp="2023-03-28T20:32:29 IST" skipped="0">
  <testcase classname="sauit.basicanotation" name="testcode" time="14.000"/>
  <system-out/>
  <testcase classname="sauit.basicanotation" name="testprogress" time="6.367"/>
  <system-out/>
  <testcase classname="sauit.basicanotation" name="teachrs" time="11.201"/>
  <system-out/>
</testsuite> <!-- sauit.basicanotation -->
